<?xml version="1.0" encoding="UTF-8"?>
<!-- Generated by org.testng.reporters.JUnitReportReporter -->
<testsuite hostname="LAPTOP-PFAQCIOF" name="com.webtest.demo.BookStoreTest" tests="1" failures="0" timestamp="23 Nov 2020 00:39:36 GMT" time="23.369" errors="0">
  <testcase name="test1" time="23.369" classname="com.webtest.demo.BookStoreTest"/>
</testsuite> <!-- com.webtest.demo.BookStoreTest -->
