<?xml version="1.0" encoding="UTF-8"?>
<!-- Generated by org.testng.reporters.JUnitReportReporter -->
<testsuite skipped="0" hostname="LAPTOP-V424TUDG" name="com.webtest.demo.ListTest" tests="5" failures="0" timestamp="2020-12-09T09:26:46 CST" time="109.738" errors="0">
  <testcase name="testLogin" time="10.157" classname="com.webtest.demo.ListTest"/>
  <system-out/>
  <testcase name="testLogin" time="63.699" classname="com.webtest.demo.ListTest"/>
  <system-out/>
  <testcase name="test2" time="20.921" classname="com.webtest.demo.ListTest"/>
  <system-out/>
  <testcase name="test3" time="11.769" classname="com.webtest.demo.ListTest"/>
  <system-out/>
  <testcase name="test4" time="3.192" classname="com.webtest.demo.ListTest"/>
  <system-out/>
</testsuite> <!-- com.webtest.demo.ListTest -->
