<?xml version="1.0" encoding="UTF-8"?>
<!-- Generated by org.testng.reporters.JUnitReportReporter -->
<testsuite skipped="0" hostname="LAPTOP-V424TUDG" name="com.webtest.demo.FrontTest" tests="4" failures="0" timestamp="2020-12-01T18:48:03 CST" time="40.202" errors="0">
  <testcase name="testLogin" time="18.703" classname="com.webtest.demo.FrontTest"/>
  <system-out/>
  <testcase name="testLogin" time="11.465" classname="com.webtest.demo.FrontTest"/>
  <system-out/>
  <testcase name="btnclick" time="8.017" classname="com.webtest.demo.FrontTest"/>
  <system-out/>
  <testcase name="addtest" time="2.017" classname="com.webtest.demo.FrontTest"/>
  <system-out/>
</testsuite> <!-- com.webtest.demo.FrontTest -->
