<?xml version="1.0" encoding="UTF-8"?>
<!-- Generated by org.testng.reporters.JUnitReportReporter -->
<testsuite skipped="0" hostname="LAPTOP-V424TUDG" name="com.webtest.demo.Frontfairy_Test" tests="3" failures="0" timestamp="2020-12-01T19:11:57 CST" time="39.580" errors="0">
  <testcase name="testLogin" time="11.244" classname="com.webtest.demo.Frontfairy_Test"/>
  <system-out/>
  <testcase name="testLogin" time="18.897" classname="com.webtest.demo.Frontfairy_Test"/>
  <system-out/>
  <testcase name="btnclick" time="9.439" classname="com.webtest.demo.Frontfairy_Test"/>
  <system-out/>
</testsuite> <!-- com.webtest.demo.Frontfairy_Test -->
