<?xml version="1.0" encoding="UTF-8"?>
<!-- Generated by org.testng.reporters.JUnitReportReporter -->
<testsuite skipped="0" hostname="LAPTOP-V424TUDG" name="com.webtest.demo.Backinfor_Test" tests="3" failures="0" timestamp="2020-12-07T09:17:01 CST" time="85.500" errors="0">
  <testcase name="testLogin" time="18.573" classname="com.webtest.demo.Backinfor_Test"/>
  <system-out/>
  <testcase name="testLogin" time="30.531" classname="com.webtest.demo.Backinfor_Test"/>
  <system-out/>
  <testcase name="test2" time="36.396" classname="com.webtest.demo.Backinfor_Test"/>
  <system-out/>
</testsuite> <!-- com.webtest.demo.Backinfor_Test -->
