<?xml version="1.0" encoding="UTF-8"?>
<!-- Generated by org.testng.reporters.JUnitReportReporter -->
<testsuite hostname="我的电脑" failures="0" tests="5" name="com.webtest.demo.Demo" time="0.008" errors="0" timestamp="23 Nov 2020 02:04:11 GMT">
  <testcase classname="com.webtest.demo.Demo" name="test5" time="0.000"/>
  <testcase classname="com.webtest.demo.Demo" name="test3" time="0.000"/>
  <testcase classname="com.webtest.demo.Demo" name="test4" time="0.000"/>
  <testcase classname="com.webtest.demo.Demo" name="test2" time="0.000"/>
  <testcase classname="com.webtest.demo.Demo" name="test1" time="0.008"/>
</testsuite> <!-- com.webtest.demo.Demo -->
